[2024-05-10T13:28:44.107+0000] {manager.py:470} INFO - Processing files using up to 2 processes at a time 
[2024-05-10T13:28:44.108+0000] {manager.py:471} INFO - Process each file at most once every 30 seconds
[2024-05-10T13:28:44.108+0000] {manager.py:472} INFO - Checking for new files in /opt/airflow/dags every 300 seconds
[2024-05-10T13:28:44.108+0000] {manager.py:737} INFO - Searching for files in /opt/airflow/dags
[2024-05-10T13:28:57.160+0000] {manager.py:740} INFO - There are 1 files in /opt/airflow/dags
[2024-05-10T13:28:57.239+0000] {manager.py:878} INFO - 
================================================================================
DAG File Processing Stats

File Path                   PID  Runtime      # DAGs    # Errors  Last Runtime    Last Run
------------------------  -----  ---------  --------  ----------  --------------  ----------
/opt/airflow/dags/dag.py     29  0.04s             0           0
================================================================================
[2024-05-10T13:29:27.279+0000] {manager.py:1016} ERROR - Processor for /opt/airflow/dags/dag.py exited with return code 1.
[2024-05-10T13:29:27.283+0000] {manager.py:878} INFO - 
================================================================================
DAG File Processing Stats

File Path                 PID    Runtime      # DAGs    # Errors  Last Runtime    Last Run
------------------------  -----  ---------  --------  ----------  --------------  -------------------
/opt/airflow/dags/dag.py                           0          -1  30.09s          2024-05-10T13:29:27
================================================================================
[2024-05-10T13:29:57.614+0000] {manager.py:878} INFO - 
================================================================================
DAG File Processing Stats

File Path                   PID  Runtime      # DAGs    # Errors  Last Runtime    Last Run
------------------------  -----  ---------  --------  ----------  --------------  -------------------
/opt/airflow/dags/dag.py     42  0.01s             0          -1  30.09s          2024-05-10T13:29:27
================================================================================
[2024-05-10T13:30:27.696+0000] {manager.py:1016} ERROR - Processor for /opt/airflow/dags/dag.py exited with return code 1.
[2024-05-10T13:30:27.707+0000] {manager.py:878} INFO - 
================================================================================
DAG File Processing Stats

File Path                 PID    Runtime      # DAGs    # Errors  Last Runtime    Last Run
------------------------  -----  ---------  --------  ----------  --------------  -------------------
/opt/airflow/dags/dag.py                           0          -1  30.09s          2024-05-10T13:30:27
================================================================================
[2024-05-10T13:30:58.060+0000] {manager.py:878} INFO - 
================================================================================
DAG File Processing Stats

File Path                   PID  Runtime      # DAGs    # Errors  Last Runtime    Last Run
------------------------  -----  ---------  --------  ----------  --------------  -------------------
/opt/airflow/dags/dag.py     56  16.20s            0          -1  30.09s          2024-05-10T13:30:27
================================================================================
[2024-05-10T13:31:11.931+0000] {manager.py:1016} ERROR - Processor for /opt/airflow/dags/dag.py exited with return code 1.
[2024-05-10T13:31:28.122+0000] {manager.py:878} INFO - 
================================================================================
DAG File Processing Stats

File Path                 PID    Runtime      # DAGs    # Errors  Last Runtime    Last Run
------------------------  -----  ---------  --------  ----------  --------------  -------------------
/opt/airflow/dags/dag.py                           0          -1  30.07s          2024-05-10T13:31:11
================================================================================
[2024-05-10T13:31:58.499+0000] {manager.py:878} INFO - 
================================================================================
DAG File Processing Stats

File Path                   PID  Runtime      # DAGs    # Errors  Last Runtime    Last Run
------------------------  -----  ---------  --------  ----------  --------------  -------------------
/opt/airflow/dags/dag.py     69  16.19s            0          -1  30.07s          2024-05-10T13:31:11
================================================================================
[2024-05-10T13:32:12.433+0000] {manager.py:1016} ERROR - Processor for /opt/airflow/dags/dag.py exited with return code 1.
[2024-05-10T13:32:28.578+0000] {manager.py:878} INFO - 
================================================================================
DAG File Processing Stats

File Path                 PID    Runtime      # DAGs    # Errors  Last Runtime    Last Run
------------------------  -----  ---------  --------  ----------  --------------  -------------------
/opt/airflow/dags/dag.py                           0          -1  30.13s          2024-05-10T13:32:12
================================================================================
[2024-05-10T13:32:58.823+0000] {manager.py:878} INFO - 
================================================================================
DAG File Processing Stats

File Path                   PID  Runtime      # DAGs    # Errors  Last Runtime    Last Run
------------------------  -----  ---------  --------  ----------  --------------  -------------------
/opt/airflow/dags/dag.py     83  16.14s            0          -1  30.13s          2024-05-10T13:32:12
================================================================================
[2024-05-10T13:33:12.780+0000] {manager.py:1016} ERROR - Processor for /opt/airflow/dags/dag.py exited with return code 1.
[2024-05-10T13:33:28.910+0000] {manager.py:878} INFO - 
================================================================================
DAG File Processing Stats

File Path                 PID    Runtime      # DAGs    # Errors  Last Runtime    Last Run
------------------------  -----  ---------  --------  ----------  --------------  -------------------
/opt/airflow/dags/dag.py                           0          -1  30.10s          2024-05-10T13:33:12
================================================================================
[2024-05-10T13:33:44.497+0000] {manager.py:737} INFO - Searching for files in /opt/airflow/dags
[2024-05-10T13:33:57.976+0000] {manager.py:740} INFO - There are 1 files in /opt/airflow/dags
[2024-05-10T13:33:59.008+0000] {manager.py:878} INFO - 
================================================================================
DAG File Processing Stats

File Path                   PID  Runtime      # DAGs    # Errors  Last Runtime    Last Run
------------------------  -----  ---------  --------  ----------  --------------  -------------------
/opt/airflow/dags/dag.py     97  15.99s            0          -1  30.10s          2024-05-10T13:33:12
================================================================================
[2024-05-10T13:34:13.097+0000] {manager.py:1016} ERROR - Processor for /opt/airflow/dags/dag.py exited with return code 1.
[2024-05-10T13:34:29.288+0000] {manager.py:878} INFO - 
================================================================================
DAG File Processing Stats

File Path                 PID    Runtime      # DAGs    # Errors  Last Runtime    Last Run
------------------------  -----  ---------  --------  ----------  --------------  -------------------
/opt/airflow/dags/dag.py                           0          -1  30.07s          2024-05-10T13:34:13
================================================================================
[2024-05-10T13:34:59.554+0000] {manager.py:878} INFO - 
================================================================================
DAG File Processing Stats

File Path                   PID  Runtime      # DAGs    # Errors  Last Runtime    Last Run
------------------------  -----  ---------  --------  ----------  --------------  -------------------
/opt/airflow/dags/dag.py    110  16.14s            0          -1  30.07s          2024-05-10T13:34:13
================================================================================
[2024-05-10T13:35:13.450+0000] {manager.py:1016} ERROR - Processor for /opt/airflow/dags/dag.py exited with return code 1.
[2024-05-10T13:35:29.619+0000] {manager.py:878} INFO - 
================================================================================
DAG File Processing Stats

File Path                 PID    Runtime      # DAGs    # Errors  Last Runtime    Last Run
------------------------  -----  ---------  --------  ----------  --------------  -------------------
/opt/airflow/dags/dag.py                           0          -1  30.04s          2024-05-10T13:35:13
================================================================================
[2024-05-10T13:35:57.774+0000] {manager.py:452} INFO - Exiting gracefully upon receiving signal 15
[2024-05-10T13:35:57.774+0000] {manager.py:452} INFO - Exiting gracefully upon receiving signal 15
[2024-05-10T13:35:57.921+0000] {manager.py:452} INFO - Exiting gracefully upon receiving signal 15
[2024-05-10T13:37:59.935+0000] {manager.py:470} INFO - Processing files using up to 2 processes at a time 
[2024-05-10T13:37:59.936+0000] {manager.py:471} INFO - Process each file at most once every 30 seconds
[2024-05-10T13:37:59.936+0000] {manager.py:472} INFO - Checking for new files in /opt/airflow/dags every 300 seconds
[2024-05-10T13:37:59.937+0000] {manager.py:737} INFO - Searching for files in /opt/airflow/dags
[2024-05-10T13:38:13.299+0000] {manager.py:740} INFO - There are 1 files in /opt/airflow/dags
[2024-05-10T13:38:13.359+0000] {manager.py:878} INFO - 
================================================================================
DAG File Processing Stats

File Path                   PID  Runtime      # DAGs    # Errors  Last Runtime    Last Run
------------------------  -----  ---------  --------  ----------  --------------  ----------
/opt/airflow/dags/dag.py     29  0.03s             0           0
================================================================================
[2024-05-10T13:38:43.422+0000] {manager.py:1016} ERROR - Processor for /opt/airflow/dags/dag.py exited with return code 1.
[2024-05-10T13:38:43.425+0000] {manager.py:878} INFO - 
================================================================================
DAG File Processing Stats

File Path                 PID    Runtime      # DAGs    # Errors  Last Runtime    Last Run
------------------------  -----  ---------  --------  ----------  --------------  -------------------
/opt/airflow/dags/dag.py                           0          -1  30.09s          2024-05-10T13:38:43
================================================================================
[2024-05-10T13:39:13.712+0000] {manager.py:878} INFO - 
================================================================================
DAG File Processing Stats

File Path                   PID  Runtime      # DAGs    # Errors  Last Runtime    Last Run
------------------------  -----  ---------  --------  ----------  --------------  -------------------
/opt/airflow/dags/dag.py     42  0.01s             0          -1  30.09s          2024-05-10T13:38:43
================================================================================
[2024-05-10T13:39:43.788+0000] {manager.py:1016} ERROR - Processor for /opt/airflow/dags/dag.py exited with return code 1.
[2024-05-10T13:39:43.793+0000] {manager.py:878} INFO - 
================================================================================
DAG File Processing Stats

File Path                 PID    Runtime      # DAGs    # Errors  Last Runtime    Last Run
------------------------  -----  ---------  --------  ----------  --------------  -------------------
/opt/airflow/dags/dag.py                           0          -1  30.09s          2024-05-10T13:39:43
================================================================================
[2024-05-10T13:40:14.061+0000] {manager.py:878} INFO - 
================================================================================
DAG File Processing Stats

File Path                   PID  Runtime      # DAGs    # Errors  Last Runtime    Last Run
------------------------  -----  ---------  --------  ----------  --------------  -------------------
/opt/airflow/dags/dag.py     56  0.01s             0          -1  30.09s          2024-05-10T13:39:43
================================================================================
[2024-05-10T13:40:44.126+0000] {manager.py:1016} ERROR - Processor for /opt/airflow/dags/dag.py exited with return code 1.
[2024-05-10T13:40:44.130+0000] {manager.py:878} INFO - 
================================================================================
DAG File Processing Stats

File Path                 PID    Runtime      # DAGs    # Errors  Last Runtime    Last Run
------------------------  -----  ---------  --------  ----------  --------------  -------------------
/opt/airflow/dags/dag.py                           0          -1  30.07s          2024-05-10T13:40:44
================================================================================
[2024-05-10T13:41:14.407+0000] {manager.py:878} INFO - 
================================================================================
DAG File Processing Stats

File Path                   PID  Runtime      # DAGs    # Errors  Last Runtime    Last Run
------------------------  -----  ---------  --------  ----------  --------------  -------------------
/opt/airflow/dags/dag.py     70  0.01s             0          -1  30.07s          2024-05-10T13:40:44
================================================================================
[2024-05-10T13:41:43.835+0000] {manager.py:452} INFO - Exiting gracefully upon receiving signal 15
[2024-05-10T13:41:43.835+0000] {manager.py:452} INFO - Exiting gracefully upon receiving signal 15
[2024-05-10T13:41:44.078+0000] {manager.py:452} INFO - Exiting gracefully upon receiving signal 15
[2024-05-10T13:42:21.737+0000] {manager.py:470} INFO - Processing files using up to 2 processes at a time 
[2024-05-10T13:42:21.737+0000] {manager.py:471} INFO - Process each file at most once every 30 seconds
[2024-05-10T13:42:21.737+0000] {manager.py:472} INFO - Checking for new files in /opt/airflow/dags every 300 seconds
[2024-05-10T13:42:21.738+0000] {manager.py:737} INFO - Searching for files in /opt/airflow/dags
[2024-05-10T13:42:34.564+0000] {manager.py:740} INFO - There are 1 files in /opt/airflow/dags
[2024-05-10T13:42:34.633+0000] {manager.py:878} INFO - 
================================================================================
DAG File Processing Stats

File Path                   PID  Runtime      # DAGs    # Errors  Last Runtime    Last Run
------------------------  -----  ---------  --------  ----------  --------------  ----------
/opt/airflow/dags/dag.py     30  0.04s             0           0
================================================================================
[2024-05-10T13:43:04.906+0000] {manager.py:878} INFO - 
================================================================================
DAG File Processing Stats

File Path                 PID    Runtime      # DAGs    # Errors  Last Runtime    Last Run
------------------------  -----  ---------  --------  ----------  --------------  -------------------
/opt/airflow/dags/dag.py                           1           0  13.21s          2024-05-10T13:42:47
================================================================================
[2024-05-10T13:43:19.178+0000] {manager.py:452} INFO - Exiting gracefully upon receiving signal 15
[2024-05-10T13:43:19.179+0000] {manager.py:452} INFO - Exiting gracefully upon receiving signal 15
[2024-05-10T13:43:19.314+0000] {manager.py:452} INFO - Exiting gracefully upon receiving signal 15
[2024-05-10T13:44:06.463+0000] {manager.py:470} INFO - Processing files using up to 2 processes at a time 
[2024-05-10T13:44:06.464+0000] {manager.py:471} INFO - Process each file at most once every 30 seconds
[2024-05-10T13:44:06.464+0000] {manager.py:472} INFO - Checking for new files in /opt/airflow/dags every 300 seconds
[2024-05-10T13:44:06.465+0000] {manager.py:737} INFO - Searching for files in /opt/airflow/dags
[2024-05-10T13:44:19.505+0000] {manager.py:740} INFO - There are 1 files in /opt/airflow/dags
[2024-05-10T13:44:19.617+0000] {manager.py:878} INFO - 
================================================================================
DAG File Processing Stats

File Path                   PID  Runtime      # DAGs    # Errors  Last Runtime    Last Run
------------------------  -----  ---------  --------  ----------  --------------  ----------
/opt/airflow/dags/dag.py     29  0.03s             0           0
================================================================================
[2024-05-10T13:44:37.206+0000] {manager.py:452} INFO - Exiting gracefully upon receiving signal 15
[2024-05-10T13:44:37.207+0000] {manager.py:452} INFO - Exiting gracefully upon receiving signal 15
[2024-05-10T13:44:37.467+0000] {manager.py:452} INFO - Exiting gracefully upon receiving signal 15
[2024-05-10T13:45:36.137+0000] {manager.py:470} INFO - Processing files using up to 2 processes at a time 
[2024-05-10T13:45:36.138+0000] {manager.py:471} INFO - Process each file at most once every 30 seconds
[2024-05-10T13:45:36.138+0000] {manager.py:472} INFO - Checking for new files in /opt/airflow/dags every 300 seconds
[2024-05-10T13:45:36.139+0000] {manager.py:737} INFO - Searching for files in /opt/airflow/dags
[2024-05-10T13:45:46.884+0000] {manager.py:740} INFO - There are 1 files in /opt/airflow/dags
[2024-05-10T13:45:46.937+0000] {manager.py:878} INFO - 
================================================================================
DAG File Processing Stats

File Path                   PID  Runtime      # DAGs    # Errors  Last Runtime    Last Run
------------------------  -----  ---------  --------  ----------  --------------  ----------
/opt/airflow/dags/dag.py     30  0.03s             0           0
================================================================================
[2024-05-10T13:46:17.197+0000] {manager.py:878} INFO - 
================================================================================
DAG File Processing Stats

File Path                 PID    Runtime      # DAGs    # Errors  Last Runtime    Last Run
------------------------  -----  ---------  --------  ----------  --------------  -------------------
/opt/airflow/dags/dag.py                           1           0  29.93s          2024-05-10T13:46:16
================================================================================
[2024-05-10T13:46:47.474+0000] {manager.py:878} INFO - 
================================================================================
DAG File Processing Stats

File Path                 PID    Runtime      # DAGs    # Errors  Last Runtime    Last Run
------------------------  -----  ---------  --------  ----------  --------------  -------------------
/opt/airflow/dags/dag.py                           1           0  10.59s          2024-05-10T13:46:32
================================================================================
[2024-05-10T13:47:17.610+0000] {manager.py:878} INFO - 
================================================================================
DAG File Processing Stats

File Path                 PID    Runtime      # DAGs    # Errors  Last Runtime    Last Run
------------------------  -----  ---------  --------  ----------  --------------  -------------------
/opt/airflow/dags/dag.py                           1           0  8.54s           2024-05-10T13:47:11
================================================================================
[2024-05-10T13:47:47.827+0000] {manager.py:878} INFO - 
================================================================================
DAG File Processing Stats

File Path                   PID  Runtime      # DAGs    # Errors  Last Runtime    Last Run
------------------------  -----  ---------  --------  ----------  --------------  -------------------
/opt/airflow/dags/dag.py     63  6.05s             1           0  8.54s           2024-05-10T13:47:11
================================================================================
[2024-05-10T13:48:17.867+0000] {manager.py:878} INFO - 
================================================================================
DAG File Processing Stats

File Path                 PID    Runtime      # DAGs    # Errors  Last Runtime    Last Run
------------------------  -----  ---------  --------  ----------  --------------  -------------------
/opt/airflow/dags/dag.py                           1           0  14.17s          2024-05-10T13:48:10
================================================================================
[2024-05-10T13:48:48.522+0000] {manager.py:878} INFO - 
================================================================================
DAG File Processing Stats

File Path                 PID    Runtime      # DAGs    # Errors  Last Runtime    Last Run
------------------------  -----  ---------  --------  ----------  --------------  -------------------
/opt/airflow/dags/dag.py                           1           0  7.11s           2024-05-10T13:48:25
================================================================================
[2024-05-10T13:49:18.962+0000] {manager.py:878} INFO - 
================================================================================
DAG File Processing Stats

File Path                 PID    Runtime      # DAGs    # Errors  Last Runtime    Last Run
------------------------  -----  ---------  --------  ----------  --------------  -------------------
/opt/airflow/dags/dag.py                           1           0  10.41s          2024-05-10T13:49:05
================================================================================
[2024-05-10T13:49:49.187+0000] {manager.py:878} INFO - 
================================================================================
DAG File Processing Stats

File Path                   PID  Runtime      # DAGs    # Errors  Last Runtime    Last Run
------------------------  -----  ---------  --------  ----------  --------------  -------------------
/opt/airflow/dags/dag.py     94  13.66s            1           0  10.41s          2024-05-10T13:49:05
================================================================================
[2024-05-10T13:50:05.570+0000] {manager.py:1016} ERROR - Processor for /opt/airflow/dags/dag.py exited with return code 1.
[2024-05-10T13:50:19.444+0000] {manager.py:878} INFO - 
================================================================================
DAG File Processing Stats

File Path                   PID  Runtime      # DAGs    # Errors  Last Runtime    Last Run
------------------------  -----  ---------  --------  ----------  --------------  -------------------
/opt/airflow/dags/dag.py    102  11.11s            0          -1  30.05s          2024-05-10T13:50:05
================================================================================
[2024-05-10T13:50:36.556+0000] {manager.py:737} INFO - Searching for files in /opt/airflow/dags
[2024-05-10T13:50:49.975+0000] {manager.py:740} INFO - There are 1 files in /opt/airflow/dags
[2024-05-10T13:50:49.997+0000] {manager.py:1016} ERROR - Processor for /opt/airflow/dags/dag.py exited with return code 1.
[2024-05-10T13:50:49.998+0000] {manager.py:878} INFO - 
================================================================================
DAG File Processing Stats

File Path                 PID    Runtime      # DAGs    # Errors  Last Runtime    Last Run
------------------------  -----  ---------  --------  ----------  --------------  -------------------
/opt/airflow/dags/dag.py                           0          -1  41.66s          2024-05-10T13:50:49
================================================================================
[2024-05-10T13:51:20.522+0000] {manager.py:878} INFO - 
================================================================================
DAG File Processing Stats

File Path                   PID  Runtime      # DAGs    # Errors  Last Runtime    Last Run
------------------------  -----  ---------  --------  ----------  --------------  -------------------
/opt/airflow/dags/dag.py    115  0.01s             0          -1  41.66s          2024-05-10T13:50:49
================================================================================
[2024-05-10T13:51:50.683+0000] {manager.py:1016} ERROR - Processor for /opt/airflow/dags/dag.py exited with return code 1.
[2024-05-10T13:51:50.706+0000] {manager.py:878} INFO - 
================================================================================
DAG File Processing Stats

File Path                 PID    Runtime      # DAGs    # Errors  Last Runtime    Last Run
------------------------  -----  ---------  --------  ----------  --------------  -------------------
/opt/airflow/dags/dag.py                           0          -1  30.18s          2024-05-10T13:51:50
================================================================================
[2024-05-10T13:52:20.753+0000] {manager.py:878} INFO - 
================================================================================
DAG File Processing Stats

File Path                   PID  Runtime      # DAGs    # Errors  Last Runtime    Last Run
------------------------  -----  ---------  --------  ----------  --------------  -------------------
/opt/airflow/dags/dag.py    129  0.01s             0          -1  30.18s          2024-05-10T13:51:50
================================================================================
[2024-05-10T13:52:50.851+0000] {manager.py:1016} ERROR - Processor for /opt/airflow/dags/dag.py exited with return code 1.
[2024-05-10T13:52:50.854+0000] {manager.py:878} INFO - 
================================================================================
DAG File Processing Stats

File Path                 PID    Runtime      # DAGs    # Errors  Last Runtime    Last Run
------------------------  -----  ---------  --------  ----------  --------------  -------------------
/opt/airflow/dags/dag.py                           0          -1  30.11s          2024-05-10T13:52:50
================================================================================
[2024-05-10T13:53:21.545+0000] {manager.py:878} INFO - 
================================================================================
DAG File Processing Stats

File Path                   PID  Runtime      # DAGs    # Errors  Last Runtime    Last Run
------------------------  -----  ---------  --------  ----------  --------------  -------------------
/opt/airflow/dags/dag.py    143  0.04s             0          -1  30.11s          2024-05-10T13:52:50
================================================================================
[2024-05-10T13:53:40.187+0000] {manager.py:452} INFO - Exiting gracefully upon receiving signal 15
[2024-05-10T13:53:40.187+0000] {manager.py:452} INFO - Exiting gracefully upon receiving signal 15
[2024-05-10T13:53:40.345+0000] {manager.py:452} INFO - Exiting gracefully upon receiving signal 15
[2024-05-10T13:54:56.136+0000] {manager.py:470} INFO - Processing files using up to 2 processes at a time 
[2024-05-10T13:54:56.136+0000] {manager.py:471} INFO - Process each file at most once every 30 seconds
[2024-05-10T13:54:56.136+0000] {manager.py:472} INFO - Checking for new files in /opt/airflow/dags every 300 seconds
[2024-05-10T13:54:56.137+0000] {manager.py:737} INFO - Searching for files in /opt/airflow/dags
[2024-05-10T13:55:08.501+0000] {manager.py:740} INFO - There are 1 files in /opt/airflow/dags
[2024-05-10T13:55:08.547+0000] {manager.py:878} INFO - 
================================================================================
DAG File Processing Stats

File Path                   PID  Runtime      # DAGs    # Errors  Last Runtime    Last Run
------------------------  -----  ---------  --------  ----------  --------------  ----------
/opt/airflow/dags/dag.py     29  0.03s             0           0
================================================================================
[2024-05-10T13:55:38.561+0000] {manager.py:1016} ERROR - Processor for /opt/airflow/dags/dag.py exited with return code 1.
[2024-05-10T13:55:38.564+0000] {manager.py:878} INFO - 
================================================================================
DAG File Processing Stats

File Path                 PID    Runtime      # DAGs    # Errors  Last Runtime    Last Run
------------------------  -----  ---------  --------  ----------  --------------  -------------------
/opt/airflow/dags/dag.py                           0          -1  30.04s          2024-05-10T13:55:38
================================================================================
[2024-05-10T13:56:08.823+0000] {manager.py:878} INFO - 
================================================================================
DAG File Processing Stats

File Path                   PID  Runtime      # DAGs    # Errors  Last Runtime    Last Run
------------------------  -----  ---------  --------  ----------  --------------  -------------------
/opt/airflow/dags/dag.py     43  0.01s             0          -1  30.04s          2024-05-10T13:55:38
================================================================================
[2024-05-10T13:56:38.875+0000] {manager.py:1016} ERROR - Processor for /opt/airflow/dags/dag.py exited with return code 1.
[2024-05-10T13:56:38.878+0000] {manager.py:878} INFO - 
================================================================================
DAG File Processing Stats

File Path                 PID    Runtime      # DAGs    # Errors  Last Runtime    Last Run
------------------------  -----  ---------  --------  ----------  --------------  -------------------
/opt/airflow/dags/dag.py                           0          -1  30.06s          2024-05-10T13:56:38
================================================================================
[2024-05-10T13:57:09.205+0000] {manager.py:878} INFO - 
================================================================================
DAG File Processing Stats

File Path                   PID  Runtime      # DAGs    # Errors  Last Runtime    Last Run
------------------------  -----  ---------  --------  ----------  --------------  -------------------
/opt/airflow/dags/dag.py     57  0.01s             0          -1  30.06s          2024-05-10T13:56:38
================================================================================
[2024-05-10T13:57:39.257+0000] {manager.py:1016} ERROR - Processor for /opt/airflow/dags/dag.py exited with return code 1.
[2024-05-10T13:57:39.260+0000] {manager.py:878} INFO - 
================================================================================
DAG File Processing Stats

File Path                 PID    Runtime      # DAGs    # Errors  Last Runtime    Last Run
------------------------  -----  ---------  --------  ----------  --------------  -------------------
/opt/airflow/dags/dag.py                           0          -1  30.06s          2024-05-10T13:57:39
================================================================================
[2024-05-10T13:58:09.542+0000] {manager.py:878} INFO - 
================================================================================
DAG File Processing Stats

File Path                   PID  Runtime      # DAGs    # Errors  Last Runtime    Last Run
------------------------  -----  ---------  --------  ----------  --------------  -------------------
/opt/airflow/dags/dag.py     71  0.01s             0          -1  30.06s          2024-05-10T13:57:39
================================================================================
[2024-05-10T13:58:39.611+0000] {manager.py:1016} ERROR - Processor for /opt/airflow/dags/dag.py exited with return code 1.
[2024-05-10T13:58:39.615+0000] {manager.py:878} INFO - 
================================================================================
DAG File Processing Stats

File Path                 PID    Runtime      # DAGs    # Errors  Last Runtime    Last Run
------------------------  -----  ---------  --------  ----------  --------------  -------------------
/opt/airflow/dags/dag.py                           0          -1  30.08s          2024-05-10T13:58:39
================================================================================
[2024-05-10T13:59:09.660+0000] {manager.py:878} INFO - 
================================================================================
DAG File Processing Stats

File Path                   PID  Runtime      # DAGs    # Errors  Last Runtime    Last Run
------------------------  -----  ---------  --------  ----------  --------------  -------------------
/opt/airflow/dags/dag.py     84  0.01s             0          -1  30.08s          2024-05-10T13:58:39
================================================================================
[2024-05-10T13:59:39.719+0000] {manager.py:1016} ERROR - Processor for /opt/airflow/dags/dag.py exited with return code 1.
[2024-05-10T13:59:39.723+0000] {manager.py:878} INFO - 
================================================================================
DAG File Processing Stats

File Path                 PID    Runtime      # DAGs    # Errors  Last Runtime    Last Run
------------------------  -----  ---------  --------  ----------  --------------  -------------------
/opt/airflow/dags/dag.py                           0          -1  30.07s          2024-05-10T13:59:39
================================================================================
[2024-05-10T13:59:56.228+0000] {manager.py:737} INFO - Searching for files in /opt/airflow/dags
[2024-05-10T14:00:06.769+0000] {manager.py:740} INFO - There are 1 files in /opt/airflow/dags
[2024-05-10T14:00:09.821+0000] {manager.py:878} INFO - 
================================================================================
DAG File Processing Stats

File Path                   PID  Runtime      # DAGs    # Errors  Last Runtime    Last Run
------------------------  -----  ---------  --------  ----------  --------------  -------------------
/opt/airflow/dags/dag.py     92  25.70s            0          -1  30.07s          2024-05-10T13:59:39
================================================================================
[2024-05-10T14:00:14.151+0000] {manager.py:1016} ERROR - Processor for /opt/airflow/dags/dag.py exited with return code 1.
[2024-05-10T14:00:40.083+0000] {manager.py:878} INFO - 
================================================================================
DAG File Processing Stats

File Path                 PID    Runtime      # DAGs    # Errors  Last Runtime    Last Run
------------------------  -----  ---------  --------  ----------  --------------  -------------------
/opt/airflow/dags/dag.py                           0          -1  30.03s          2024-05-10T14:00:14
================================================================================
[2024-05-10T14:01:10.649+0000] {manager.py:878} INFO - 
================================================================================
DAG File Processing Stats

File Path                 PID    Runtime      # DAGs    # Errors  Last Runtime    Last Run
------------------------  -----  ---------  --------  ----------  --------------  -------------------
/opt/airflow/dags/dag.py                           0           1  0.42s           2024-05-10T14:00:44
================================================================================
[2024-05-10T14:01:40.869+0000] {manager.py:878} INFO - 
================================================================================
DAG File Processing Stats

File Path                   PID  Runtime      # DAGs    # Errors  Last Runtime    Last Run
------------------------  -----  ---------  --------  ----------  --------------  -------------------
/opt/airflow/dags/dag.py    113  25.74s            0           1  0.42s           2024-05-10T14:00:44
================================================================================
[2024-05-10T14:01:45.197+0000] {manager.py:1016} ERROR - Processor for /opt/airflow/dags/dag.py exited with return code 1.
[2024-05-10T14:02:11.135+0000] {manager.py:878} INFO - 
================================================================================
DAG File Processing Stats

File Path                   PID  Runtime      # DAGs    # Errors  Last Runtime    Last Run
------------------------  -----  ---------  --------  ----------  --------------  -------------------
/opt/airflow/dags/dag.py    127  14.12s            0          -1  30.07s          2024-05-10T14:01:45
================================================================================
[2024-05-10T14:02:27.095+0000] {manager.py:1016} ERROR - Processor for /opt/airflow/dags/dag.py exited with return code 1.
[2024-05-10T14:02:31.300+0000] {manager.py:452} INFO - Exiting gracefully upon receiving signal 15
[2024-05-10T14:08:02.196+0000] {manager.py:470} INFO - Processing files using up to 2 processes at a time 
[2024-05-10T14:08:02.197+0000] {manager.py:471} INFO - Process each file at most once every 30 seconds
[2024-05-10T14:08:02.197+0000] {manager.py:472} INFO - Checking for new files in /opt/airflow/dags every 300 seconds
[2024-05-10T14:08:02.198+0000] {manager.py:737} INFO - Searching for files in /opt/airflow/dags
[2024-05-10T14:08:16.304+0000] {manager.py:740} INFO - There are 1 files in /opt/airflow/dags
[2024-05-10T14:08:16.370+0000] {manager.py:878} INFO - 
================================================================================
DAG File Processing Stats

File Path                   PID  Runtime      # DAGs    # Errors  Last Runtime    Last Run
------------------------  -----  ---------  --------  ----------  --------------  ----------
/opt/airflow/dags/dag.py     30  0.03s             0           0
================================================================================
[2024-05-10T14:08:46.391+0000] {manager.py:1016} ERROR - Processor for /opt/airflow/dags/dag.py exited with return code 1.
[2024-05-10T14:08:46.397+0000] {manager.py:878} INFO - 
================================================================================
DAG File Processing Stats

File Path                 PID    Runtime      # DAGs    # Errors  Last Runtime    Last Run
------------------------  -----  ---------  --------  ----------  --------------  -------------------
/opt/airflow/dags/dag.py                           0          -1  30.06s          2024-05-10T14:08:46
================================================================================
[2024-05-10T14:09:16.695+0000] {manager.py:878} INFO - 
================================================================================
DAG File Processing Stats

File Path                   PID  Runtime      # DAGs    # Errors  Last Runtime    Last Run
------------------------  -----  ---------  --------  ----------  --------------  -------------------
/opt/airflow/dags/dag.py     42  0.01s             0          -1  30.06s          2024-05-10T14:08:46
================================================================================
