[2024-05-10T13:28:57.202+0000] {processor.py:161} INFO - Started process (PID=29) to work on /opt/airflow/dags/dag.py
[2024-05-10T13:28:57.203+0000] {processor.py:830} INFO - Processing file /opt/airflow/dags/dag.py for tasks to queue
[2024-05-10T13:28:57.205+0000] {logging_mixin.py:188} INFO - [2024-05-10T13:28:57.204+0000] {dagbag.py:545} INFO - Filling up the DagBag from /opt/airflow/dags/dag.py
[2024-05-10T13:29:27.217+0000] {logging_mixin.py:188} INFO - [2024-05-10T13:29:27.212+0000] {timeout.py:68} ERROR - Process timed out, PID: 29
[2024-05-10T13:29:57.627+0000] {processor.py:161} INFO - Started process (PID=42) to work on /opt/airflow/dags/dag.py
[2024-05-10T13:29:57.629+0000] {processor.py:830} INFO - Processing file /opt/airflow/dags/dag.py for tasks to queue
[2024-05-10T13:29:57.632+0000] {logging_mixin.py:188} INFO - [2024-05-10T13:29:57.631+0000] {dagbag.py:545} INFO - Filling up the DagBag from /opt/airflow/dags/dag.py
[2024-05-10T13:30:27.646+0000] {logging_mixin.py:188} INFO - [2024-05-10T13:30:27.642+0000] {timeout.py:68} ERROR - Process timed out, PID: 42
[2024-05-10T13:30:41.885+0000] {processor.py:161} INFO - Started process (PID=56) to work on /opt/airflow/dags/dag.py
[2024-05-10T13:30:41.887+0000] {processor.py:830} INFO - Processing file /opt/airflow/dags/dag.py for tasks to queue
[2024-05-10T13:30:41.889+0000] {logging_mixin.py:188} INFO - [2024-05-10T13:30:41.889+0000] {dagbag.py:545} INFO - Filling up the DagBag from /opt/airflow/dags/dag.py
[2024-05-10T13:31:11.897+0000] {logging_mixin.py:188} INFO - [2024-05-10T13:31:11.895+0000] {timeout.py:68} ERROR - Process timed out, PID: 56
[2024-05-10T13:31:42.335+0000] {processor.py:161} INFO - Started process (PID=69) to work on /opt/airflow/dags/dag.py
[2024-05-10T13:31:42.337+0000] {processor.py:830} INFO - Processing file /opt/airflow/dags/dag.py for tasks to queue
[2024-05-10T13:31:42.346+0000] {logging_mixin.py:188} INFO - [2024-05-10T13:31:42.345+0000] {dagbag.py:545} INFO - Filling up the DagBag from /opt/airflow/dags/dag.py
[2024-05-10T13:32:12.358+0000] {logging_mixin.py:188} INFO - [2024-05-10T13:32:12.353+0000] {timeout.py:68} ERROR - Process timed out, PID: 69
[2024-05-10T13:32:42.710+0000] {processor.py:161} INFO - Started process (PID=83) to work on /opt/airflow/dags/dag.py
[2024-05-10T13:32:42.713+0000] {processor.py:830} INFO - Processing file /opt/airflow/dags/dag.py for tasks to queue
[2024-05-10T13:32:42.717+0000] {logging_mixin.py:188} INFO - [2024-05-10T13:32:42.716+0000] {dagbag.py:545} INFO - Filling up the DagBag from /opt/airflow/dags/dag.py
[2024-05-10T13:33:12.728+0000] {logging_mixin.py:188} INFO - [2024-05-10T13:33:12.724+0000] {timeout.py:68} ERROR - Process timed out, PID: 83
[2024-05-10T13:33:43.031+0000] {processor.py:161} INFO - Started process (PID=97) to work on /opt/airflow/dags/dag.py
[2024-05-10T13:33:43.032+0000] {processor.py:830} INFO - Processing file /opt/airflow/dags/dag.py for tasks to queue
[2024-05-10T13:33:43.034+0000] {logging_mixin.py:188} INFO - [2024-05-10T13:33:43.034+0000] {dagbag.py:545} INFO - Filling up the DagBag from /opt/airflow/dags/dag.py
[2024-05-10T13:34:13.042+0000] {logging_mixin.py:188} INFO - [2024-05-10T13:34:13.038+0000] {timeout.py:68} ERROR - Process timed out, PID: 97
[2024-05-10T13:34:43.421+0000] {processor.py:161} INFO - Started process (PID=110) to work on /opt/airflow/dags/dag.py
[2024-05-10T13:34:43.422+0000] {processor.py:830} INFO - Processing file /opt/airflow/dags/dag.py for tasks to queue
[2024-05-10T13:34:43.424+0000] {logging_mixin.py:188} INFO - [2024-05-10T13:34:43.424+0000] {dagbag.py:545} INFO - Filling up the DagBag from /opt/airflow/dags/dag.py
[2024-05-10T13:35:13.429+0000] {logging_mixin.py:188} INFO - [2024-05-10T13:35:13.428+0000] {timeout.py:68} ERROR - Process timed out, PID: 110
[2024-05-10T13:35:43.760+0000] {processor.py:161} INFO - Started process (PID=124) to work on /opt/airflow/dags/dag.py
[2024-05-10T13:35:43.762+0000] {processor.py:830} INFO - Processing file /opt/airflow/dags/dag.py for tasks to queue
[2024-05-10T13:35:43.764+0000] {logging_mixin.py:188} INFO - [2024-05-10T13:35:43.764+0000] {dagbag.py:545} INFO - Filling up the DagBag from /opt/airflow/dags/dag.py
[2024-05-10T13:38:13.339+0000] {processor.py:161} INFO - Started process (PID=29) to work on /opt/airflow/dags/dag.py
[2024-05-10T13:38:13.340+0000] {processor.py:830} INFO - Processing file /opt/airflow/dags/dag.py for tasks to queue
[2024-05-10T13:38:13.342+0000] {logging_mixin.py:188} INFO - [2024-05-10T13:38:13.342+0000] {dagbag.py:545} INFO - Filling up the DagBag from /opt/airflow/dags/dag.py
[2024-05-10T13:38:43.355+0000] {logging_mixin.py:188} INFO - [2024-05-10T13:38:43.351+0000] {timeout.py:68} ERROR - Process timed out, PID: 29
[2024-05-10T13:39:13.731+0000] {processor.py:161} INFO - Started process (PID=42) to work on /opt/airflow/dags/dag.py
[2024-05-10T13:39:13.732+0000] {processor.py:830} INFO - Processing file /opt/airflow/dags/dag.py for tasks to queue
[2024-05-10T13:39:13.735+0000] {logging_mixin.py:188} INFO - [2024-05-10T13:39:13.734+0000] {dagbag.py:545} INFO - Filling up the DagBag from /opt/airflow/dags/dag.py
[2024-05-10T13:39:43.748+0000] {logging_mixin.py:188} INFO - [2024-05-10T13:39:43.745+0000] {timeout.py:68} ERROR - Process timed out, PID: 42
[2024-05-10T13:40:14.076+0000] {processor.py:161} INFO - Started process (PID=56) to work on /opt/airflow/dags/dag.py
[2024-05-10T13:40:14.077+0000] {processor.py:830} INFO - Processing file /opt/airflow/dags/dag.py for tasks to queue
[2024-05-10T13:40:14.079+0000] {logging_mixin.py:188} INFO - [2024-05-10T13:40:14.079+0000] {dagbag.py:545} INFO - Filling up the DagBag from /opt/airflow/dags/dag.py
[2024-05-10T13:40:44.088+0000] {logging_mixin.py:188} INFO - [2024-05-10T13:40:44.085+0000] {timeout.py:68} ERROR - Process timed out, PID: 56
[2024-05-10T13:41:14.420+0000] {processor.py:161} INFO - Started process (PID=70) to work on /opt/airflow/dags/dag.py
[2024-05-10T13:41:14.421+0000] {processor.py:830} INFO - Processing file /opt/airflow/dags/dag.py for tasks to queue
[2024-05-10T13:41:14.425+0000] {logging_mixin.py:188} INFO - [2024-05-10T13:41:14.424+0000] {dagbag.py:545} INFO - Filling up the DagBag from /opt/airflow/dags/dag.py
[2024-05-10T13:42:34.598+0000] {processor.py:161} INFO - Started process (PID=30) to work on /opt/airflow/dags/dag.py
[2024-05-10T13:42:34.599+0000] {processor.py:830} INFO - Processing file /opt/airflow/dags/dag.py for tasks to queue
[2024-05-10T13:42:34.605+0000] {logging_mixin.py:188} INFO - [2024-05-10T13:42:34.604+0000] {dagbag.py:545} INFO - Filling up the DagBag from /opt/airflow/dags/dag.py
[2024-05-10T13:42:47.640+0000] {processor.py:840} INFO - DAG(s) 'airflow_dag' retrieved from /opt/airflow/dags/dag.py
[2024-05-10T13:42:47.772+0000] {logging_mixin.py:188} INFO - [2024-05-10T13:42:47.772+0000] {override.py:1829} INFO - Created Permission View: can read on DAG:airflow_dag
[2024-05-10T13:42:47.776+0000] {logging_mixin.py:188} INFO - [2024-05-10T13:42:47.775+0000] {override.py:1829} INFO - Created Permission View: can delete on DAG:airflow_dag
[2024-05-10T13:42:47.778+0000] {logging_mixin.py:188} INFO - [2024-05-10T13:42:47.778+0000] {override.py:1829} INFO - Created Permission View: can edit on DAG:airflow_dag
[2024-05-10T13:42:47.778+0000] {logging_mixin.py:188} INFO - [2024-05-10T13:42:47.778+0000] {dag.py:3096} INFO - Sync 1 DAGs
[2024-05-10T13:42:47.783+0000] {logging_mixin.py:188} INFO - [2024-05-10T13:42:47.783+0000] {dag.py:3118} INFO - Creating ORM DAG for airflow_dag
[2024-05-10T13:42:47.787+0000] {logging_mixin.py:188} INFO - [2024-05-10T13:42:47.787+0000] {dag.py:3954} INFO - Setting next_dagrun for airflow_dag to 2024-05-08 00:00:00+00:00, run_after=2024-05-09 00:00:00+00:00
[2024-05-10T13:42:47.793+0000] {processor.py:183} INFO - Processing /opt/airflow/dags/dag.py took 13.199 seconds
[2024-05-10T13:43:18.063+0000] {processor.py:161} INFO - Started process (PID=44) to work on /opt/airflow/dags/dag.py
[2024-05-10T13:43:18.064+0000] {processor.py:830} INFO - Processing file /opt/airflow/dags/dag.py for tasks to queue
[2024-05-10T13:43:18.066+0000] {logging_mixin.py:188} INFO - [2024-05-10T13:43:18.066+0000] {dagbag.py:545} INFO - Filling up the DagBag from /opt/airflow/dags/dag.py
[2024-05-10T13:44:19.596+0000] {processor.py:161} INFO - Started process (PID=29) to work on /opt/airflow/dags/dag.py
[2024-05-10T13:44:19.597+0000] {processor.py:830} INFO - Processing file /opt/airflow/dags/dag.py for tasks to queue
[2024-05-10T13:44:19.599+0000] {logging_mixin.py:188} INFO - [2024-05-10T13:44:19.599+0000] {dagbag.py:545} INFO - Filling up the DagBag from /opt/airflow/dags/dag.py
[2024-05-10T13:45:46.913+0000] {processor.py:161} INFO - Started process (PID=30) to work on /opt/airflow/dags/dag.py
[2024-05-10T13:45:46.914+0000] {processor.py:830} INFO - Processing file /opt/airflow/dags/dag.py for tasks to queue
[2024-05-10T13:45:46.916+0000] {logging_mixin.py:188} INFO - [2024-05-10T13:45:46.916+0000] {dagbag.py:545} INFO - Filling up the DagBag from /opt/airflow/dags/dag.py
[2024-05-10T13:46:16.636+0000] {processor.py:840} INFO - DAG(s) 'airflow_dag' retrieved from /opt/airflow/dags/dag.py
[2024-05-10T13:46:16.799+0000] {logging_mixin.py:188} INFO - [2024-05-10T13:46:16.798+0000] {override.py:1829} INFO - Created Permission View: can edit on DAG:airflow_dag
[2024-05-10T13:46:16.802+0000] {logging_mixin.py:188} INFO - [2024-05-10T13:46:16.802+0000] {override.py:1829} INFO - Created Permission View: can delete on DAG:airflow_dag
[2024-05-10T13:46:16.804+0000] {logging_mixin.py:188} INFO - [2024-05-10T13:46:16.804+0000] {override.py:1829} INFO - Created Permission View: can read on DAG:airflow_dag
[2024-05-10T13:46:16.804+0000] {logging_mixin.py:188} INFO - [2024-05-10T13:46:16.804+0000] {dag.py:3096} INFO - Sync 1 DAGs
[2024-05-10T13:46:16.809+0000] {logging_mixin.py:188} INFO - [2024-05-10T13:46:16.809+0000] {dag.py:3118} INFO - Creating ORM DAG for airflow_dag
[2024-05-10T13:46:16.814+0000] {logging_mixin.py:188} INFO - [2024-05-10T13:46:16.814+0000] {dag.py:3954} INFO - Setting next_dagrun for airflow_dag to 2024-05-08 00:00:00+00:00, run_after=2024-05-09 00:00:00+00:00
[2024-05-10T13:46:16.820+0000] {processor.py:183} INFO - Processing /opt/airflow/dags/dag.py took 29.913 seconds
[2024-05-10T13:46:22.274+0000] {processor.py:161} INFO - Started process (PID=37) to work on /opt/airflow/dags/dag.py
[2024-05-10T13:46:22.275+0000] {processor.py:830} INFO - Processing file /opt/airflow/dags/dag.py for tasks to queue
[2024-05-10T13:46:22.277+0000] {logging_mixin.py:188} INFO - [2024-05-10T13:46:22.277+0000] {dagbag.py:545} INFO - Filling up the DagBag from /opt/airflow/dags/dag.py
[2024-05-10T13:46:32.781+0000] {processor.py:840} INFO - DAG(s) 'airflow_dag' retrieved from /opt/airflow/dags/dag.py
[2024-05-10T13:46:32.795+0000] {logging_mixin.py:188} INFO - [2024-05-10T13:46:32.794+0000] {dag.py:3096} INFO - Sync 1 DAGs
[2024-05-10T13:46:32.810+0000] {logging_mixin.py:188} INFO - [2024-05-10T13:46:32.810+0000] {dag.py:3954} INFO - Setting next_dagrun for airflow_dag to 2024-05-08 00:00:00+00:00, run_after=2024-05-09 00:00:00+00:00
[2024-05-10T13:46:32.820+0000] {processor.py:183} INFO - Processing /opt/airflow/dags/dag.py took 10.564 seconds
[2024-05-10T13:47:03.052+0000] {processor.py:161} INFO - Started process (PID=55) to work on /opt/airflow/dags/dag.py
[2024-05-10T13:47:03.053+0000] {processor.py:830} INFO - Processing file /opt/airflow/dags/dag.py for tasks to queue
[2024-05-10T13:47:03.056+0000] {logging_mixin.py:188} INFO - [2024-05-10T13:47:03.055+0000] {dagbag.py:545} INFO - Filling up the DagBag from /opt/airflow/dags/dag.py
[2024-05-10T13:47:11.504+0000] {processor.py:840} INFO - DAG(s) 'airflow_dag' retrieved from /opt/airflow/dags/dag.py
[2024-05-10T13:47:11.559+0000] {logging_mixin.py:188} INFO - [2024-05-10T13:47:11.559+0000] {dag.py:3096} INFO - Sync 1 DAGs
[2024-05-10T13:47:11.566+0000] {logging_mixin.py:188} INFO - [2024-05-10T13:47:11.566+0000] {dag.py:3954} INFO - Setting next_dagrun for airflow_dag to 2024-05-10 00:00:00+00:00, run_after=2024-05-11 00:00:00+00:00
[2024-05-10T13:47:11.572+0000] {processor.py:183} INFO - Processing /opt/airflow/dags/dag.py took 8.525 seconds
[2024-05-10T13:47:41.791+0000] {processor.py:161} INFO - Started process (PID=63) to work on /opt/airflow/dags/dag.py
[2024-05-10T13:47:41.793+0000] {processor.py:830} INFO - Processing file /opt/airflow/dags/dag.py for tasks to queue
[2024-05-10T13:47:41.796+0000] {logging_mixin.py:188} INFO - [2024-05-10T13:47:41.796+0000] {dagbag.py:545} INFO - Filling up the DagBag from /opt/airflow/dags/dag.py
[2024-05-10T13:47:48.365+0000] {processor.py:840} INFO - DAG(s) 'airflow_dag' retrieved from /opt/airflow/dags/dag.py
[2024-05-10T13:47:48.445+0000] {logging_mixin.py:188} INFO - [2024-05-10T13:47:48.443+0000] {dag.py:3096} INFO - Sync 1 DAGs
[2024-05-10T13:47:48.501+0000] {logging_mixin.py:188} INFO - [2024-05-10T13:47:48.500+0000] {dag.py:3954} INFO - Setting next_dagrun for airflow_dag to 2024-05-10 00:00:00+00:00, run_after=2024-05-11 00:00:00+00:00
[2024-05-10T13:47:48.553+0000] {processor.py:183} INFO - Processing /opt/airflow/dags/dag.py took 6.769 seconds
[2024-05-10T13:47:56.710+0000] {processor.py:161} INFO - Started process (PID=65) to work on /opt/airflow/dags/dag.py
[2024-05-10T13:47:56.712+0000] {processor.py:830} INFO - Processing file /opt/airflow/dags/dag.py for tasks to queue
[2024-05-10T13:47:56.717+0000] {logging_mixin.py:188} INFO - [2024-05-10T13:47:56.715+0000] {dagbag.py:545} INFO - Filling up the DagBag from /opt/airflow/dags/dag.py
[2024-05-10T13:48:10.755+0000] {processor.py:840} INFO - DAG(s) 'airflow_dag' retrieved from /opt/airflow/dags/dag.py
[2024-05-10T13:48:10.779+0000] {logging_mixin.py:188} INFO - [2024-05-10T13:48:10.779+0000] {taskinstance.py:2907} ERROR - {'DAG Id': 'airflow_dag', 'Task Id': 'clean_scopus', 'Run Id': 'scheduled__2024-05-09T00:00:00+00:00', 'Hostname': 'd3ab8b417d7c', 'External Executor Id': '42a09cd5-14d8-421f-8046-d1cb805b28d7'}
[2024-05-10T13:48:10.795+0000] {logging_mixin.py:188} INFO - [2024-05-10T13:48:10.795+0000] {taskinstance.py:1206} INFO - Marking task as UP_FOR_RETRY. dag_id=airflow_dag, task_id=clean_scopus, run_id=scheduled__2024-05-09T00:00:00+00:00, execution_date=20240509T000000, start_date=20240510T134736, end_date=20240510T134810
[2024-05-10T13:48:10.801+0000] {processor.py:791} INFO - Executed failure callback for <TaskInstance: airflow_dag.clean_scopus scheduled__2024-05-09T00:00:00+00:00 [up_for_retry]> in state up_for_retry
[2024-05-10T13:48:10.815+0000] {logging_mixin.py:188} INFO - [2024-05-10T13:48:10.814+0000] {dag.py:3096} INFO - Sync 1 DAGs
[2024-05-10T13:48:10.826+0000] {logging_mixin.py:188} INFO - [2024-05-10T13:48:10.825+0000] {dag.py:3954} INFO - Setting next_dagrun for airflow_dag to 2024-05-10 00:00:00+00:00, run_after=2024-05-11 00:00:00+00:00
[2024-05-10T13:48:10.833+0000] {processor.py:183} INFO - Processing /opt/airflow/dags/dag.py took 14.137 seconds
[2024-05-10T13:48:17.980+0000] {processor.py:161} INFO - Started process (PID=73) to work on /opt/airflow/dags/dag.py
[2024-05-10T13:48:17.984+0000] {processor.py:830} INFO - Processing file /opt/airflow/dags/dag.py for tasks to queue
[2024-05-10T13:48:17.989+0000] {logging_mixin.py:188} INFO - [2024-05-10T13:48:17.989+0000] {dagbag.py:545} INFO - Filling up the DagBag from /opt/airflow/dags/dag.py
[2024-05-10T13:48:24.990+0000] {processor.py:840} INFO - DAG(s) 'airflow_dag' retrieved from /opt/airflow/dags/dag.py
[2024-05-10T13:48:25.004+0000] {logging_mixin.py:188} INFO - [2024-05-10T13:48:25.003+0000] {taskinstance.py:2907} ERROR - {'DAG Id': 'airflow_dag', 'Task Id': 'clean_scopus', 'Run Id': 'scheduled__2024-05-09T00:00:00+00:00', 'Hostname': 'd3ab8b417d7c', 'External Executor Id': '42a09cd5-14d8-421f-8046-d1cb805b28d7'}
[2024-05-10T13:48:25.010+0000] {logging_mixin.py:188} INFO - [2024-05-10T13:48:25.010+0000] {taskinstance.py:1206} INFO - Marking task as FAILED. dag_id=airflow_dag, task_id=clean_scopus, run_id=scheduled__2024-05-09T00:00:00+00:00, execution_date=20240509T000000, start_date=20240510T134736, end_date=20240510T134825
[2024-05-10T13:48:25.015+0000] {processor.py:791} INFO - Executed failure callback for <TaskInstance: airflow_dag.clean_scopus scheduled__2024-05-09T00:00:00+00:00 [failed]> in state failed
[2024-05-10T13:48:25.016+0000] {logging_mixin.py:188} INFO - [2024-05-10T13:48:25.016+0000] {taskinstance.py:2907} ERROR - {'DAG Id': 'airflow_dag', 'Task Id': 'clean_scopus', 'Run Id': 'manual__2024-05-10T13:46:45.021822+00:00', 'Hostname': 'd3ab8b417d7c', 'External Executor Id': 'dbdd4acf-64d3-4565-b4f4-47acc999a044'}
[2024-05-10T13:48:25.018+0000] {logging_mixin.py:188} INFO - [2024-05-10T13:48:25.018+0000] {taskinstance.py:1206} INFO - Marking task as UP_FOR_RETRY. dag_id=airflow_dag, task_id=clean_scopus, run_id=manual__2024-05-10T13:46:45.021822+00:00, execution_date=20240510T134645, start_date=20240510T134736, end_date=20240510T134825
[2024-05-10T13:48:25.019+0000] {processor.py:791} INFO - Executed failure callback for <TaskInstance: airflow_dag.clean_scopus manual__2024-05-10T13:46:45.021822+00:00 [up_for_retry]> in state up_for_retry
[2024-05-10T13:48:25.030+0000] {logging_mixin.py:188} INFO - [2024-05-10T13:48:25.030+0000] {dag.py:3096} INFO - Sync 1 DAGs
[2024-05-10T13:48:25.040+0000] {logging_mixin.py:188} INFO - [2024-05-10T13:48:25.040+0000] {dag.py:3954} INFO - Setting next_dagrun for airflow_dag to 2024-05-10 00:00:00+00:00, run_after=2024-05-11 00:00:00+00:00
[2024-05-10T13:48:25.051+0000] {processor.py:183} INFO - Processing /opt/airflow/dags/dag.py took 7.089 seconds
[2024-05-10T13:48:54.873+0000] {processor.py:161} INFO - Started process (PID=81) to work on /opt/airflow/dags/dag.py
[2024-05-10T13:48:54.874+0000] {processor.py:830} INFO - Processing file /opt/airflow/dags/dag.py for tasks to queue
[2024-05-10T13:48:54.876+0000] {logging_mixin.py:188} INFO - [2024-05-10T13:48:54.875+0000] {dagbag.py:545} INFO - Filling up the DagBag from /opt/airflow/dags/dag.py
[2024-05-10T13:49:05.199+0000] {processor.py:840} INFO - DAG(s) 'airflow_dag' retrieved from /opt/airflow/dags/dag.py
[2024-05-10T13:49:05.214+0000] {logging_mixin.py:188} INFO - [2024-05-10T13:49:05.214+0000] {taskinstance.py:2907} ERROR - {'DAG Id': 'airflow_dag', 'Task Id': 'clean_scopus', 'Run Id': 'scheduled__2024-05-08T00:00:00+00:00', 'Hostname': 'd3ab8b417d7c', 'External Executor Id': '347abbd4-5f82-485a-ab4b-8fc862de6162'}
[2024-05-10T13:49:05.232+0000] {logging_mixin.py:188} INFO - [2024-05-10T13:49:05.231+0000] {taskinstance.py:1206} INFO - Marking task as UP_FOR_RETRY. dag_id=airflow_dag, task_id=clean_scopus, run_id=scheduled__2024-05-08T00:00:00+00:00, execution_date=20240508T000000, start_date=20240510T134738, end_date=20240510T134905
[2024-05-10T13:49:05.237+0000] {processor.py:791} INFO - Executed failure callback for <TaskInstance: airflow_dag.clean_scopus scheduled__2024-05-08T00:00:00+00:00 [up_for_retry]> in state up_for_retry
[2024-05-10T13:49:05.248+0000] {logging_mixin.py:188} INFO - [2024-05-10T13:49:05.248+0000] {dag.py:3096} INFO - Sync 1 DAGs
[2024-05-10T13:49:05.256+0000] {logging_mixin.py:188} INFO - [2024-05-10T13:49:05.256+0000] {dag.py:3954} INFO - Setting next_dagrun for airflow_dag to 2024-05-10 00:00:00+00:00, run_after=2024-05-11 00:00:00+00:00
[2024-05-10T13:49:05.261+0000] {processor.py:183} INFO - Processing /opt/airflow/dags/dag.py took 10.395 seconds
[2024-05-10T13:49:35.534+0000] {processor.py:161} INFO - Started process (PID=94) to work on /opt/airflow/dags/dag.py
[2024-05-10T13:49:35.536+0000] {processor.py:830} INFO - Processing file /opt/airflow/dags/dag.py for tasks to queue
[2024-05-10T13:49:35.537+0000] {logging_mixin.py:188} INFO - [2024-05-10T13:49:35.537+0000] {dagbag.py:545} INFO - Filling up the DagBag from /opt/airflow/dags/dag.py
[2024-05-10T13:50:05.545+0000] {logging_mixin.py:188} INFO - [2024-05-10T13:50:05.545+0000] {timeout.py:68} ERROR - Process timed out, PID: 94
[2024-05-10T13:50:08.361+0000] {processor.py:161} INFO - Started process (PID=102) to work on /opt/airflow/dags/dag.py
[2024-05-10T13:50:08.362+0000] {processor.py:830} INFO - Processing file /opt/airflow/dags/dag.py for tasks to queue
[2024-05-10T13:50:08.366+0000] {logging_mixin.py:188} INFO - [2024-05-10T13:50:08.366+0000] {dagbag.py:545} INFO - Filling up the DagBag from /opt/airflow/dags/dag.py
[2024-05-10T13:50:38.372+0000] {logging_mixin.py:188} INFO - [2024-05-10T13:50:38.371+0000] {timeout.py:68} ERROR - Process timed out, PID: 102
[2024-05-10T13:51:20.538+0000] {processor.py:161} INFO - Started process (PID=115) to work on /opt/airflow/dags/dag.py
[2024-05-10T13:51:20.539+0000] {processor.py:830} INFO - Processing file /opt/airflow/dags/dag.py for tasks to queue
[2024-05-10T13:51:20.540+0000] {logging_mixin.py:188} INFO - [2024-05-10T13:51:20.540+0000] {dagbag.py:545} INFO - Filling up the DagBag from /opt/airflow/dags/dag.py
[2024-05-10T13:51:50.554+0000] {logging_mixin.py:188} INFO - [2024-05-10T13:51:50.550+0000] {timeout.py:68} ERROR - Process timed out, PID: 115
[2024-05-10T13:52:20.774+0000] {processor.py:161} INFO - Started process (PID=129) to work on /opt/airflow/dags/dag.py
[2024-05-10T13:52:20.775+0000] {processor.py:830} INFO - Processing file /opt/airflow/dags/dag.py for tasks to queue
[2024-05-10T13:52:20.777+0000] {logging_mixin.py:188} INFO - [2024-05-10T13:52:20.776+0000] {dagbag.py:545} INFO - Filling up the DagBag from /opt/airflow/dags/dag.py
[2024-05-10T13:52:50.807+0000] {logging_mixin.py:188} INFO - [2024-05-10T13:52:50.803+0000] {timeout.py:68} ERROR - Process timed out, PID: 129
[2024-05-10T13:53:21.564+0000] {processor.py:161} INFO - Started process (PID=143) to work on /opt/airflow/dags/dag.py
[2024-05-10T13:53:21.565+0000] {processor.py:830} INFO - Processing file /opt/airflow/dags/dag.py for tasks to queue
[2024-05-10T13:53:21.567+0000] {logging_mixin.py:188} INFO - [2024-05-10T13:53:21.566+0000] {dagbag.py:545} INFO - Filling up the DagBag from /opt/airflow/dags/dag.py
[2024-05-10T13:55:08.531+0000] {processor.py:161} INFO - Started process (PID=29) to work on /opt/airflow/dags/dag.py
[2024-05-10T13:55:08.532+0000] {processor.py:830} INFO - Processing file /opt/airflow/dags/dag.py for tasks to queue
[2024-05-10T13:55:08.534+0000] {logging_mixin.py:188} INFO - [2024-05-10T13:55:08.534+0000] {dagbag.py:545} INFO - Filling up the DagBag from /opt/airflow/dags/dag.py
[2024-05-10T13:55:38.548+0000] {logging_mixin.py:188} INFO - [2024-05-10T13:55:38.548+0000] {timeout.py:68} ERROR - Process timed out, PID: 29
[2024-05-10T13:56:08.834+0000] {processor.py:161} INFO - Started process (PID=43) to work on /opt/airflow/dags/dag.py
[2024-05-10T13:56:08.835+0000] {processor.py:830} INFO - Processing file /opt/airflow/dags/dag.py for tasks to queue
[2024-05-10T13:56:08.837+0000] {logging_mixin.py:188} INFO - [2024-05-10T13:56:08.836+0000] {dagbag.py:545} INFO - Filling up the DagBag from /opt/airflow/dags/dag.py
[2024-05-10T13:56:38.846+0000] {logging_mixin.py:188} INFO - [2024-05-10T13:56:38.845+0000] {timeout.py:68} ERROR - Process timed out, PID: 43
[2024-05-10T13:57:09.216+0000] {processor.py:161} INFO - Started process (PID=57) to work on /opt/airflow/dags/dag.py
[2024-05-10T13:57:09.217+0000] {processor.py:830} INFO - Processing file /opt/airflow/dags/dag.py for tasks to queue
[2024-05-10T13:57:09.218+0000] {logging_mixin.py:188} INFO - [2024-05-10T13:57:09.218+0000] {dagbag.py:545} INFO - Filling up the DagBag from /opt/airflow/dags/dag.py
[2024-05-10T13:57:39.223+0000] {logging_mixin.py:188} INFO - [2024-05-10T13:57:39.221+0000] {timeout.py:68} ERROR - Process timed out, PID: 57
[2024-05-10T13:58:09.556+0000] {processor.py:161} INFO - Started process (PID=71) to work on /opt/airflow/dags/dag.py
[2024-05-10T13:58:09.557+0000] {processor.py:830} INFO - Processing file /opt/airflow/dags/dag.py for tasks to queue
[2024-05-10T13:58:09.561+0000] {logging_mixin.py:188} INFO - [2024-05-10T13:58:09.561+0000] {dagbag.py:545} INFO - Filling up the DagBag from /opt/airflow/dags/dag.py
[2024-05-10T13:58:39.570+0000] {logging_mixin.py:188} INFO - [2024-05-10T13:58:39.568+0000] {timeout.py:68} ERROR - Process timed out, PID: 71
[2024-05-10T13:59:09.670+0000] {processor.py:161} INFO - Started process (PID=84) to work on /opt/airflow/dags/dag.py
[2024-05-10T13:59:09.671+0000] {processor.py:830} INFO - Processing file /opt/airflow/dags/dag.py for tasks to queue
[2024-05-10T13:59:09.673+0000] {logging_mixin.py:188} INFO - [2024-05-10T13:59:09.673+0000] {dagbag.py:545} INFO - Filling up the DagBag from /opt/airflow/dags/dag.py
[2024-05-10T13:59:39.682+0000] {logging_mixin.py:188} INFO - [2024-05-10T13:59:39.680+0000] {timeout.py:68} ERROR - Process timed out, PID: 84
[2024-05-10T13:59:44.128+0000] {processor.py:161} INFO - Started process (PID=92) to work on /opt/airflow/dags/dag.py
[2024-05-10T13:59:44.128+0000] {processor.py:830} INFO - Processing file /opt/airflow/dags/dag.py for tasks to queue
[2024-05-10T13:59:44.131+0000] {logging_mixin.py:188} INFO - [2024-05-10T13:59:44.130+0000] {dagbag.py:545} INFO - Filling up the DagBag from /opt/airflow/dags/dag.py
[2024-05-10T14:00:14.136+0000] {logging_mixin.py:188} INFO - [2024-05-10T14:00:14.135+0000] {timeout.py:68} ERROR - Process timed out, PID: 92
[2024-05-10T14:00:44.433+0000] {processor.py:161} INFO - Started process (PID=106) to work on /opt/airflow/dags/dag.py
[2024-05-10T14:00:44.434+0000] {processor.py:830} INFO - Processing file /opt/airflow/dags/dag.py for tasks to queue
[2024-05-10T14:00:44.436+0000] {logging_mixin.py:188} INFO - [2024-05-10T14:00:44.435+0000] {dagbag.py:545} INFO - Filling up the DagBag from /opt/airflow/dags/dag.py
[2024-05-10T14:00:44.810+0000] {logging_mixin.py:188} INFO - [2024-05-10T14:00:44.807+0000] {dagbag.py:355} ERROR - Failed to import: /opt/airflow/dags/dag.py
Traceback (most recent call last):
  File "/usr/local/lib/python3.12/urllib/request.py", line 1344, in do_open
    h.request(req.get_method(), req.selector, req.data, headers,
  File "/usr/local/lib/python3.12/http/client.py", line 1336, in request
    self._send_request(method, url, body, headers, encode_chunked)
  File "/usr/local/lib/python3.12/http/client.py", line 1382, in _send_request
    self.endheaders(body, encode_chunked=encode_chunked)
  File "/usr/local/lib/python3.12/http/client.py", line 1331, in endheaders
    self._send_output(message_body, encode_chunked=encode_chunked)
  File "/usr/local/lib/python3.12/http/client.py", line 1091, in _send_output
    self.send(msg)
  File "/usr/local/lib/python3.12/http/client.py", line 1035, in send
    self.connect()
  File "/usr/local/lib/python3.12/http/client.py", line 1470, in connect
    super().connect()
  File "/usr/local/lib/python3.12/http/client.py", line 1001, in connect
    self.sock = self._create_connection(
                ^^^^^^^^^^^^^^^^^^^^^^^^
  File "/usr/local/lib/python3.12/socket.py", line 852, in create_connection
    raise exceptions[0]
  File "/usr/local/lib/python3.12/socket.py", line 837, in create_connection
    sock.connect(sa)
OSError: [Errno 101] Network is unreachable

During handling of the above exception, another exception occurred:

Traceback (most recent call last):
  File "/home/airflow/.local/lib/python3.12/site-packages/airflow/models/dagbag.py", line 351, in parse
    loader.exec_module(new_module)
  File "<frozen importlib._bootstrap_external>", line 995, in exec_module
  File "<frozen importlib._bootstrap>", line 488, in _call_with_frames_removed
  File "/opt/airflow/dags/dag.py", line 5, in <module>
    from tasks.load_data import scrape_data
  File "/opt/airflow/dags/tasks/load_data.py", line 8, in <module>
    country_mapper = pd.read_csv(
                     ^^^^^^^^^^^^
  File "/home/airflow/.local/lib/python3.12/site-packages/pandas/io/parsers/readers.py", line 948, in read_csv
    return _read(filepath_or_buffer, kwds)
           ^^^^^^^^^^^^^^^^^^^^^^^^^^^^^^^
  File "/home/airflow/.local/lib/python3.12/site-packages/pandas/io/parsers/readers.py", line 611, in _read
    parser = TextFileReader(filepath_or_buffer, **kwds)
             ^^^^^^^^^^^^^^^^^^^^^^^^^^^^^^^^^^^^^^^^^^
  File "/home/airflow/.local/lib/python3.12/site-packages/pandas/io/parsers/readers.py", line 1448, in __init__
    self._engine = self._make_engine(f, self.engine)
                   ^^^^^^^^^^^^^^^^^^^^^^^^^^^^^^^^^
  File "/home/airflow/.local/lib/python3.12/site-packages/pandas/io/parsers/readers.py", line 1705, in _make_engine
    self.handles = get_handle(
                   ^^^^^^^^^^^
  File "/home/airflow/.local/lib/python3.12/site-packages/pandas/io/common.py", line 718, in get_handle
    ioargs = _get_filepath_or_buffer(
             ^^^^^^^^^^^^^^^^^^^^^^^^
  File "/home/airflow/.local/lib/python3.12/site-packages/pandas/io/common.py", line 372, in _get_filepath_or_buffer
    with urlopen(req_info) as req:
         ^^^^^^^^^^^^^^^^^
  File "/home/airflow/.local/lib/python3.12/site-packages/pandas/io/common.py", line 274, in urlopen
    return urllib.request.urlopen(*args, **kwargs)
           ^^^^^^^^^^^^^^^^^^^^^^^^^^^^^^^^^^^^^^^
  File "/usr/local/lib/python3.12/urllib/request.py", line 215, in urlopen
    return opener.open(url, data, timeout)
           ^^^^^^^^^^^^^^^^^^^^^^^^^^^^^^^
  File "/usr/local/lib/python3.12/urllib/request.py", line 515, in open
    response = self._open(req, data)
               ^^^^^^^^^^^^^^^^^^^^^
  File "/usr/local/lib/python3.12/urllib/request.py", line 532, in _open
    result = self._call_chain(self.handle_open, protocol, protocol +
             ^^^^^^^^^^^^^^^^^^^^^^^^^^^^^^^^^^^^^^^^^^^^^^^^^^^^^^^
  File "/usr/local/lib/python3.12/urllib/request.py", line 492, in _call_chain
    result = func(*args)
             ^^^^^^^^^^^
  File "/usr/local/lib/python3.12/urllib/request.py", line 1392, in https_open
    return self.do_open(http.client.HTTPSConnection, req,
           ^^^^^^^^^^^^^^^^^^^^^^^^^^^^^^^^^^^^^^^^^^^^^^
  File "/usr/local/lib/python3.12/urllib/request.py", line 1347, in do_open
    raise URLError(err)
urllib.error.URLError: <urlopen error [Errno 101] Network is unreachable>
[2024-05-10T14:00:44.811+0000] {processor.py:842} WARNING - No viable dags retrieved from /opt/airflow/dags/dag.py
[2024-05-10T14:00:44.823+0000] {processor.py:183} INFO - Processing /opt/airflow/dags/dag.py took 0.396 seconds
[2024-05-10T14:01:15.145+0000] {processor.py:161} INFO - Started process (PID=113) to work on /opt/airflow/dags/dag.py
[2024-05-10T14:01:15.146+0000] {processor.py:830} INFO - Processing file /opt/airflow/dags/dag.py for tasks to queue
[2024-05-10T14:01:15.148+0000] {logging_mixin.py:188} INFO - [2024-05-10T14:01:15.148+0000] {dagbag.py:545} INFO - Filling up the DagBag from /opt/airflow/dags/dag.py
[2024-05-10T14:01:45.160+0000] {logging_mixin.py:188} INFO - [2024-05-10T14:01:45.158+0000] {timeout.py:68} ERROR - Process timed out, PID: 113
[2024-05-10T14:01:57.042+0000] {processor.py:161} INFO - Started process (PID=127) to work on /opt/airflow/dags/dag.py
[2024-05-10T14:01:57.043+0000] {processor.py:830} INFO - Processing file /opt/airflow/dags/dag.py for tasks to queue
[2024-05-10T14:01:57.046+0000] {logging_mixin.py:188} INFO - [2024-05-10T14:01:57.045+0000] {dagbag.py:545} INFO - Filling up the DagBag from /opt/airflow/dags/dag.py
[2024-05-10T14:02:27.056+0000] {logging_mixin.py:188} INFO - [2024-05-10T14:02:27.055+0000] {timeout.py:68} ERROR - Process timed out, PID: 127
[2024-05-10T14:08:16.346+0000] {processor.py:161} INFO - Started process (PID=30) to work on /opt/airflow/dags/dag.py
[2024-05-10T14:08:16.346+0000] {processor.py:830} INFO - Processing file /opt/airflow/dags/dag.py for tasks to queue
[2024-05-10T14:08:16.349+0000] {logging_mixin.py:188} INFO - [2024-05-10T14:08:16.348+0000] {dagbag.py:545} INFO - Filling up the DagBag from /opt/airflow/dags/dag.py
[2024-05-10T14:08:46.355+0000] {logging_mixin.py:188} INFO - [2024-05-10T14:08:46.354+0000] {timeout.py:68} ERROR - Process timed out, PID: 30
[2024-05-10T14:09:16.710+0000] {processor.py:161} INFO - Started process (PID=42) to work on /opt/airflow/dags/dag.py
[2024-05-10T14:09:16.711+0000] {processor.py:830} INFO - Processing file /opt/airflow/dags/dag.py for tasks to queue
[2024-05-10T14:09:16.714+0000] {logging_mixin.py:188} INFO - [2024-05-10T14:09:16.713+0000] {dagbag.py:545} INFO - Filling up the DagBag from /opt/airflow/dags/dag.py
